mode: set
leetcode/easy/buy_sell_stock/stock.go:3.34,11.31 2 1
leetcode/easy/buy_sell_stock/stock.go:25.2,25.15 1 1
leetcode/easy/buy_sell_stock/stock.go:11.31,12.22 1 1
leetcode/easy/buy_sell_stock/stock.go:15.3,15.21 1 1
leetcode/easy/buy_sell_stock/stock.go:20.3,20.30 1 1
leetcode/easy/buy_sell_stock/stock.go:12.22,14.4 1 1
leetcode/easy/buy_sell_stock/stock.go:15.21,18.4 2 1
leetcode/easy/buy_sell_stock/stock.go:20.30,22.4 1 1
leetcode/easy/baseball_game/baseball.go:7.34,8.19 1 1
leetcode/easy/baseball_game/baseball.go:12.2,17.25 2 1
leetcode/easy/baseball_game/baseball.go:39.2,39.15 1 1
leetcode/easy/baseball_game/baseball.go:8.19,11.3 2 1
leetcode/easy/baseball_game/baseball.go:17.25,18.13 1 1
leetcode/easy/baseball_game/baseball.go:19.12,22.9 3 1
leetcode/easy/baseball_game/baseball.go:23.12,26.9 3 1
leetcode/easy/baseball_game/baseball.go:27.12,29.9 2 1
leetcode/easy/baseball_game/baseball.go:30.11,34.9 4 1
leetcode/easy/build_array_from_permutation/build_array.go:3.35,5.33 2 1
leetcode/easy/build_array_from_permutation/build_array.go:8.2,8.16 1 1
leetcode/easy/build_array_from_permutation/build_array.go:5.33,7.3 1 1
leetcode/easy/binary_search/search.go:3.41,9.20 2 1
leetcode/easy/binary_search/search.go:21.2,21.11 1 1
leetcode/easy/binary_search/search.go:9.20,12.26 2 1
leetcode/easy/binary_search/search.go:12.26,14.4 1 1
leetcode/easy/binary_search/search.go:14.9,14.32 1 1
leetcode/easy/binary_search/search.go:14.32,16.4 1 1
leetcode/easy/binary_search/search.go:16.9,18.4 1 1
leetcode/easy/buy_sell_stock_II/stonk.go:3.35,6.35 2 1
leetcode/easy/buy_sell_stock_II/stonk.go:11.2,11.15 1 1
leetcode/easy/buy_sell_stock_II/stonk.go:6.35,7.30 1 1
leetcode/easy/buy_sell_stock_II/stonk.go:7.30,9.4 1 1
leetcode/easy/concatenation_of_array/concat_array.go:3.41,6.2 2 1
leetcode/easy/defanging_ip_addr/defanging.go:5.42,8.2 2 1
leetcode/easy/design_parking_system/parking_system.go:15.64,17.2 1 1
leetcode/easy/design_parking_system/parking_system.go:19.53,21.17 1 1
leetcode/easy/design_parking_system/parking_system.go:40.2,40.14 1 0
leetcode/easy/design_parking_system/parking_system.go:22.14,23.25 1 1
leetcode/easy/design_parking_system/parking_system.go:27.17,28.28 1 1
leetcode/easy/design_parking_system/parking_system.go:32.16,33.27 1 1
leetcode/easy/design_parking_system/parking_system.go:37.10,38.15 1 0
leetcode/easy/design_parking_system/parking_system.go:23.25,26.4 2 1
leetcode/easy/design_parking_system/parking_system.go:28.28,31.4 2 1
leetcode/easy/design_parking_system/parking_system.go:33.27,36.4 2 1
leetcode/easy/final_val_after_ops/final_val_after_ops.go:3.57,5.32 2 1
leetcode/easy/final_val_after_ops/final_val_after_ops.go:13.2,13.14 1 1
leetcode/easy/final_val_after_ops/final_val_after_ops.go:5.32,6.16 1 1
leetcode/easy/final_val_after_ops/final_val_after_ops.go:7.12,8.11 1 1
leetcode/easy/final_val_after_ops/final_val_after_ops.go:9.12,10.11 1 0
leetcode/easy/contains_duplicates/dups.go:3.41,5.27 2 1
leetcode/easy/contains_duplicates/dups.go:11.2,11.14 1 1
leetcode/easy/contains_duplicates/dups.go:5.27,6.16 1 1
leetcode/easy/contains_duplicates/dups.go:9.3,9.19 1 1
leetcode/easy/contains_duplicates/dups.go:6.16,8.4 1 1
leetcode/easy/fizzbuzz/fizz.go:8.31,13.26 2 1
leetcode/easy/fizzbuzz/fizz.go:30.2,30.15 1 1
leetcode/easy/fizzbuzz/fizz.go:13.26,15.15 1 1
leetcode/easy/fizzbuzz/fizz.go:18.3,18.15 1 1
leetcode/easy/fizzbuzz/fizz.go:21.3,21.27 1 1
leetcode/easy/fizzbuzz/fizz.go:25.3,27.12 2 1
leetcode/easy/fizzbuzz/fizz.go:15.15,17.4 1 1
leetcode/easy/fizzbuzz/fizz.go:18.15,20.4 1 1
leetcode/easy/fizzbuzz/fizz.go:21.27,23.4 1 1
leetcode/easy/good_pairs/good_pairs.go:5.40,9.27 3 1
leetcode/easy/good_pairs/good_pairs.go:18.2,18.14 1 1
leetcode/easy/good_pairs/good_pairs.go:9.27,10.29 1 1
leetcode/easy/good_pairs/good_pairs.go:16.3,16.30 1 1
leetcode/easy/good_pairs/good_pairs.go:10.29,13.4 2 1
leetcode/easy/good_pairs/good_pairs.go:13.9,15.4 1 1
leetcode/easy/jewels_and_stones/jewels_and_stones.go:7.58,10.26 2 1
leetcode/easy/jewels_and_stones/jewels_and_stones.go:16.2,16.15 1 1
leetcode/easy/jewels_and_stones/jewels_and_stones.go:10.26,11.52 1 1
leetcode/easy/jewels_and_stones/jewels_and_stones.go:11.52,13.4 1 1
leetcode/easy/intersection_of_two_arrays_II/intersection.go:5.48,10.54 4 1
leetcode/easy/intersection_of_two_arrays_II/intersection.go:22.2,22.12 1 1
leetcode/easy/intersection_of_two_arrays_II/intersection.go:10.54,11.27 1 1
leetcode/easy/intersection_of_two_arrays_II/intersection.go:11.27,15.4 3 1
leetcode/easy/intersection_of_two_arrays_II/intersection.go:15.9,15.33 1 1
leetcode/easy/intersection_of_two_arrays_II/intersection.go:15.33,17.4 1 1
leetcode/easy/intersection_of_two_arrays_II/intersection.go:17.9,19.4 1 1
leetcode/easy/kids_with_candies/candies.go:3.62,6.34 3 1
leetcode/easy/kids_with_candies/candies.go:11.2,11.32 1 1
leetcode/easy/kids_with_candies/candies.go:18.2,18.23 1 1
leetcode/easy/kids_with_candies/candies.go:6.34,7.36 1 1
leetcode/easy/kids_with_candies/candies.go:7.36,9.4 1 1
leetcode/easy/kids_with_candies/candies.go:11.32,12.50 1 1
leetcode/easy/kids_with_candies/candies.go:12.50,14.4 1 1
leetcode/easy/kids_with_candies/candies.go:14.9,16.4 1 1
leetcode/easy/last_stone_weight/stone.go:10.28,12.2 1 1
leetcode/easy/last_stone_weight/stone.go:14.42,16.2 1 1
leetcode/easy/last_stone_weight/stone.go:18.37,20.2 1 1
leetcode/easy/last_stone_weight/stone.go:22.39,24.2 1 1
leetcode/easy/last_stone_weight/stone.go:26.37,32.2 4 1
leetcode/easy/last_stone_weight/stone.go:34.40,39.26 4 1
leetcode/easy/last_stone_weight/stone.go:46.2,46.26 1 1
leetcode/easy/last_stone_weight/stone.go:50.2,50.35 1 1
leetcode/easy/last_stone_weight/stone.go:39.26,41.13 2 1
leetcode/easy/last_stone_weight/stone.go:41.13,43.4 1 1
leetcode/easy/last_stone_weight/stone.go:46.26,48.3 1 0
leetcode/easy/linked_list_cycle/list.go:8.36,10.37 1 1
leetcode/easy/linked_list_cycle/list.go:14.2,16.19 2 1
leetcode/easy/linked_list_cycle/list.go:24.2,24.13 1 1
leetcode/easy/linked_list_cycle/list.go:10.37,12.3 1 0
leetcode/easy/linked_list_cycle/list.go:16.19,17.38 1 1
leetcode/easy/linked_list_cycle/list.go:20.3,21.24 2 1
leetcode/easy/linked_list_cycle/list.go:17.38,19.4 1 0
leetcode/easy/implement-strstr/strstr.go:5.49,6.22 1 1
leetcode/easy/implement-strstr/strstr.go:10.2,10.40 1 1
leetcode/easy/implement-strstr/strstr.go:6.22,8.3 1 0
leetcode/easy/min_sum_of_four_digits/min_sum.go:8.30,11.14 2 1
leetcode/easy/min_sum_of_four_digits/min_sum.go:15.2,20.20 4 1
leetcode/easy/min_sum_of_four_digits/min_sum.go:11.14,14.3 2 1
leetcode/easy/palindrome_number/palindrome.go:5.31,7.11 1 1
leetcode/easy/palindrome_number/palindrome.go:11.2,12.53 2 1
leetcode/easy/palindrome_number/palindrome.go:21.2,21.13 1 1
leetcode/easy/palindrome_number/palindrome.go:7.11,9.3 1 1
leetcode/easy/palindrome_number/palindrome.go:12.53,13.13 1 1
leetcode/easy/palindrome_number/palindrome.go:16.3,16.25 1 1
leetcode/easy/palindrome_number/palindrome.go:13.13,14.9 1 1
leetcode/easy/palindrome_number/palindrome.go:16.25,18.4 1 1
leetcode/easy/move_zeroes/zeroes.go:3.29,4.39 1 1
leetcode/easy/move_zeroes/zeroes.go:4.39,5.19 1 1
leetcode/easy/move_zeroes/zeroes.go:5.19,8.4 2 1
leetcode/easy/longest_prefix/prefix.go:3.48,6.24 2 1
leetcode/easy/longest_prefix/prefix.go:15.2,15.15 1 0
leetcode/easy/longest_prefix/prefix.go:6.24,7.28 1 1
leetcode/easy/longest_prefix/prefix.go:12.3,12.31 1 1
leetcode/easy/longest_prefix/prefix.go:7.28,8.45 1 1
leetcode/easy/longest_prefix/prefix.go:8.45,10.5 1 1
leetcode/easy/plus_one/plus.go:3.34,5.40 1 1
leetcode/easy/plus_one/plus.go:14.2,16.17 3 1
leetcode/easy/plus_one/plus.go:5.40,6.20 1 1
leetcode/easy/plus_one/plus.go:6.20,9.4 2 1
leetcode/easy/plus_one/plus.go:9.9,11.4 1 1
leetcode/easy/richest_customer_wealth/richest.go:7.42,9.35 2 1
leetcode/easy/richest_customer_wealth/richest.go:17.2,18.30 2 1
leetcode/easy/richest_customer_wealth/richest.go:9.35,11.37 2 1
leetcode/easy/richest_customer_wealth/richest.go:14.3,14.31 1 1
leetcode/easy/richest_customer_wealth/richest.go:11.37,13.4 1 1
leetcode/easy/remove_dups_from_sorted_array/dup_removal.go:3.39,10.12 2 1
leetcode/easy/remove_dups_from_sorted_array/dup_removal.go:14.2,14.15 1 1
leetcode/easy/remove_dups_from_sorted_array/dup_removal.go:23.2,23.17 1 1
leetcode/easy/remove_dups_from_sorted_array/dup_removal.go:10.12,12.3 1 0
leetcode/easy/remove_dups_from_sorted_array/dup_removal.go:14.15,15.31 1 1
leetcode/easy/remove_dups_from_sorted_array/dup_removal.go:15.31,17.4 1 1
leetcode/easy/remove_dups_from_sorted_array/dup_removal.go:17.9,20.4 2 1
leetcode/easy/reverse_string/reverse.go:3.37,5.50 1 1
leetcode/easy/reverse_string/reverse.go:9.2,9.10 1 1
leetcode/easy/reverse_string/reverse.go:5.50,7.3 1 1
leetcode/easy/roman_to_int/roman_to_int.go:3.31,16.30 3 1
leetcode/easy/roman_to_int/roman_to_int.go:24.2,24.15 1 1
leetcode/easy/roman_to_int/roman_to_int.go:16.30,17.67 1 1
leetcode/easy/roman_to_int/roman_to_int.go:17.67,19.4 1 1
leetcode/easy/roman_to_int/roman_to_int.go:19.9,21.4 1 1
leetcode/easy/rotate_array/rotate.go:3.32,4.31 1 1
leetcode/easy/rotate_array/rotate.go:4.31,6.3 1 1
leetcode/easy/running_sum_1d/running_sum.go:3.35,4.33 1 1
leetcode/easy/running_sum_1d/running_sum.go:10.2,10.13 1 1
leetcode/easy/running_sum_1d/running_sum.go:4.33,5.13 1 1
leetcode/easy/running_sum_1d/running_sum.go:5.14,6.4 0 1
leetcode/easy/running_sum_1d/running_sum.go:6.9,8.4 1 1
leetcode/easy/shuffle_the_array/shuffle.go:3.39,24.27 4 1
leetcode/easy/shuffle_the_array/shuffle.go:32.2,32.25 1 1
leetcode/easy/shuffle_the_array/shuffle.go:36.2,36.16 1 1
leetcode/easy/shuffle_the_array/shuffle.go:24.27,25.12 1 1
leetcode/easy/shuffle_the_array/shuffle.go:25.12,27.4 1 1
leetcode/easy/shuffle_the_array/shuffle.go:27.9,29.4 1 1
leetcode/easy/shuffle_the_array/shuffle.go:32.25,35.3 2 1
leetcode/easy/search_insert_position/search.go:3.47,4.24 1 1
leetcode/easy/search_insert_position/search.go:9.2,9.18 1 1
leetcode/easy/search_insert_position/search.go:4.24,5.26 1 1
leetcode/easy/search_insert_position/search.go:5.26,7.4 1 1
leetcode/easy/single_num/single.go:3.35,5.27 2 1
leetcode/easy/single_num/single.go:9.2,9.12 1 1
leetcode/easy/single_num/single.go:5.27,7.3 1 1
leetcode/easy/two_sum/two_sum.go:3.43,6.27 2 1
leetcode/easy/two_sum/two_sum.go:14.2,14.16 1 0
leetcode/easy/two_sum/two_sum.go:6.27,9.46 2 1
leetcode/easy/two_sum/two_sum.go:12.3,12.16 1 1
leetcode/easy/two_sum/two_sum.go:9.46,11.4 1 1
leetcode/easy/valid_phone_numbers/phone_numbers.go:10.28,15.38 4 1
leetcode/easy/valid_phone_numbers/phone_numbers.go:21.2,21.24 1 1
leetcode/easy/valid_phone_numbers/phone_numbers.go:15.38,16.28 1 1
leetcode/easy/valid_phone_numbers/phone_numbers.go:16.28,18.4 1 1
leetcode/easy/valid_phone_numbers/phone_numbers.go:24.26,26.16 2 1
leetcode/easy/valid_phone_numbers/phone_numbers.go:29.2,33.21 4 1
leetcode/easy/valid_phone_numbers/phone_numbers.go:37.2,37.38 1 1
leetcode/easy/valid_phone_numbers/phone_numbers.go:41.2,41.18 1 1
leetcode/easy/valid_phone_numbers/phone_numbers.go:26.16,28.3 1 0
leetcode/easy/valid_phone_numbers/phone_numbers.go:33.21,35.3 1 1
leetcode/easy/valid_phone_numbers/phone_numbers.go:37.38,39.3 1 0
leetcode/easy/valid_parentheses/valid.go:7.24,9.2 1 1
leetcode/easy/valid_parentheses/valid.go:11.30,13.2 1 1
leetcode/easy/valid_parentheses/valid.go:15.32,17.2 1 1
leetcode/easy/valid_parentheses/valid.go:19.28,20.17 1 1
leetcode/easy/valid_parentheses/valid.go:24.2,27.12 3 1
leetcode/easy/valid_parentheses/valid.go:20.17,22.3 1 0
leetcode/easy/valid_parentheses/valid.go:30.28,32.2 1 1
leetcode/easy/valid_parentheses/valid.go:34.29,35.17 1 1
leetcode/easy/valid_parentheses/valid.go:38.2,38.33 1 1
leetcode/easy/valid_parentheses/valid.go:35.17,37.3 1 0
leetcode/easy/valid_parentheses/valid.go:41.29,42.34 1 1
leetcode/easy/valid_parentheses/valid.go:46.2,54.25 3 1
leetcode/easy/valid_parentheses/valid.go:64.2,64.26 1 1
leetcode/easy/valid_parentheses/valid.go:42.34,44.3 1 0
leetcode/easy/valid_parentheses/valid.go:54.25,55.37 1 1
leetcode/easy/valid_parentheses/valid.go:55.37,57.4 1 1
leetcode/easy/valid_parentheses/valid.go:57.9,57.41 1 1
leetcode/easy/valid_parentheses/valid.go:57.41,59.4 1 1
leetcode/easy/valid_parentheses/valid.go:59.9,61.4 1 1
leetcode/medium/broken_calculator/broken_calc.go:3.49,5.26 2 1
leetcode/medium/broken_calculator/broken_calc.go:14.2,14.37 1 1
leetcode/medium/broken_calculator/broken_calc.go:5.26,6.20 1 1
leetcode/medium/broken_calculator/broken_calc.go:11.3,11.11 1 1
leetcode/medium/broken_calculator/broken_calc.go:6.20,8.4 1 1
leetcode/medium/broken_calculator/broken_calc.go:8.9,10.4 1 1
leetcode/medium/encode_decode_tinyurl/encode.go:12.26,14.2 1 1
leetcode/medium/encode_decode_tinyurl/encode.go:16.50,22.2 4 1
leetcode/medium/encode_decode_tinyurl/encode.go:24.51,27.2 1 1
leetcode/easy/words_in_sentences/words.go:5.45,7.38 2 1
leetcode/easy/words_in_sentences/words.go:12.2,12.12 1 1
leetcode/easy/words_in_sentences/words.go:7.38,8.50 1 1
leetcode/easy/words_in_sentences/words.go:8.50,10.4 1 1
leetcode/medium/find_the_duplicate/duplicate.go:3.37,9.20 2 1
leetcode/medium/find_the_duplicate/duplicate.go:13.2,13.19 1 1
leetcode/medium/find_the_duplicate/duplicate.go:18.2,19.19 2 1
leetcode/medium/find_the_duplicate/duplicate.go:24.2,24.13 1 1
leetcode/medium/find_the_duplicate/duplicate.go:9.20,11.3 1 0
leetcode/medium/find_the_duplicate/duplicate.go:13.19,16.3 2 1
leetcode/medium/find_the_duplicate/duplicate.go:19.19,22.3 2 1
leetcode/medium/num_of_boats/boats.go:7.50,13.20 3 1
leetcode/medium/num_of_boats/boats.go:19.2,19.15 1 1
leetcode/medium/num_of_boats/boats.go:13.20,14.42 1 1
leetcode/medium/num_of_boats/boats.go:17.3,17.11 1 1
leetcode/medium/num_of_boats/boats.go:14.42,16.4 1 1
leetcode/medium/search_rotated_sorted_array_II/sorted_array_II.go:3.42,9.20 2 1
leetcode/medium/search_rotated_sorted_array_II/sorted_array_II.go:13.2,13.20 1 1
leetcode/medium/search_rotated_sorted_array_II/sorted_array_II.go:56.2,56.50 1 1
leetcode/medium/search_rotated_sorted_array_II/sorted_array_II.go:9.20,11.3 1 0
leetcode/medium/search_rotated_sorted_array_II/sorted_array_II.go:13.20,18.26 2 1
leetcode/medium/search_rotated_sorted_array_II/sorted_array_II.go:23.3,23.30 1 1
leetcode/medium/search_rotated_sorted_array_II/sorted_array_II.go:18.26,20.4 1 1
leetcode/medium/search_rotated_sorted_array_II/sorted_array_II.go:23.30,29.51 1 1
leetcode/medium/search_rotated_sorted_array_II/sorted_array_II.go:29.51,31.5 1 1
leetcode/medium/search_rotated_sorted_array_II/sorted_array_II.go:31.10,33.5 1 0
leetcode/medium/search_rotated_sorted_array_II/sorted_array_II.go:40.9,40.37 1 1
leetcode/medium/search_rotated_sorted_array_II/sorted_array_II.go:40.37,41.49 1 1
leetcode/medium/search_rotated_sorted_array_II/sorted_array_II.go:41.49,43.5 1 0
leetcode/medium/search_rotated_sorted_array_II/sorted_array_II.go:43.10,45.5 1 1
leetcode/medium/search_rotated_sorted_array_II/sorted_array_II.go:48.9,50.4 1 1
leetcode/medium/search_rotated_sorted_array_II/sorted_array_II.go:56.50,58.3 1 1
leetcode/medium/search_rotated_sorted_array_II/sorted_array_II.go:58.8,61.3 1 1
leetcode/medium/partitioning-into-minimum-number-of-deci-binary-numbers/partitions.go:3.34,7.33 3 1
leetcode/medium/partitioning-into-minimum-number-of-deci-binary-numbers/partitions.go:13.2,13.22 1 1
leetcode/medium/partitioning-into-minimum-number-of-deci-binary-numbers/partitions.go:7.33,8.17 1 1
leetcode/medium/partitioning-into-minimum-number-of-deci-binary-numbers/partitions.go:8.17,10.4 1 1
leetcode/medium/top_k_frequent_elements/top_k.go:12.28,14.2 1 1
leetcode/medium/top_k_frequent_elements/top_k.go:16.33,18.2 1 1
leetcode/medium/top_k_frequent_elements/top_k.go:20.38,22.2 1 1
leetcode/medium/top_k_frequent_elements/top_k.go:24.39,26.2 1 1
leetcode/medium/top_k_frequent_elements/top_k.go:28.37,33.2 4 1
leetcode/medium/top_k_frequent_elements/top_k.go:35.44,37.20 1 1
leetcode/medium/top_k_frequent_elements/top_k.go:41.2,42.27 2 1
leetcode/medium/top_k_frequent_elements/top_k.go:46.2,48.28 2 1
leetcode/medium/top_k_frequent_elements/top_k.go:52.2,54.25 2 1
leetcode/medium/top_k_frequent_elements/top_k.go:59.2,59.21 1 1
leetcode/medium/top_k_frequent_elements/top_k.go:37.20,39.3 1 1
leetcode/medium/top_k_frequent_elements/top_k.go:42.27,44.3 1 1
leetcode/medium/top_k_frequent_elements/top_k.go:48.28,50.3 1 1
leetcode/medium/top_k_frequent_elements/top_k.go:54.25,57.3 2 1
leetcode/medium/valid_parentheses/valid_parentheses.go:11.24,13.2 1 1
leetcode/medium/valid_parentheses/valid_parentheses.go:15.29,17.2 1 1
leetcode/medium/valid_parentheses/valid_parentheses.go:19.32,21.2 1 1
leetcode/medium/valid_parentheses/valid_parentheses.go:23.27,24.17 1 1
leetcode/medium/valid_parentheses/valid_parentheses.go:28.2,31.12 3 1
leetcode/medium/valid_parentheses/valid_parentheses.go:24.17,26.3 1 0
leetcode/medium/valid_parentheses/valid_parentheses.go:34.44,39.30 4 1
leetcode/medium/valid_parentheses/valid_parentheses.go:52.2,52.30 1 1
leetcode/medium/valid_parentheses/valid_parentheses.go:58.2,58.28 1 1
leetcode/medium/valid_parentheses/valid_parentheses.go:62.2,62.29 1 1
leetcode/medium/valid_parentheses/valid_parentheses.go:39.30,40.18 1 1
leetcode/medium/valid_parentheses/valid_parentheses.go:40.18,42.4 1 1
leetcode/medium/valid_parentheses/valid_parentheses.go:42.9,42.25 1 1
leetcode/medium/valid_parentheses/valid_parentheses.go:42.25,43.24 1 1
leetcode/medium/valid_parentheses/valid_parentheses.go:43.24,46.5 2 1
leetcode/medium/valid_parentheses/valid_parentheses.go:47.9,49.4 1 1
leetcode/medium/valid_parentheses/valid_parentheses.go:52.30,53.17 1 1
leetcode/medium/valid_parentheses/valid_parentheses.go:53.17,55.4 1 1
leetcode/medium/valid_parentheses/valid_parentheses.go:58.28,60.3 1 1
